<?xml version="1.0" encoding="UTF-8"?>
<!-- Generated by org.testng.reporters.JUnitReportReporter -->
<testsuite hostname="SpencerLuo-PC" name="com.luojiahui.jenkins.JenkinsTest" tests="1" failures="0" timestamp="30 Nov 2016 09:05:47 GMT" time="43.411" errors="0">
  <testcase name="f" time="43.411" classname="com.luojiahui.jenkins.JenkinsTest"/>
</testsuite> <!-- com.luojiahui.jenkins.JenkinsTest -->
